The system is: Windows - 10.0.17134 - AMD64
Compiling the C compiler identification source file "CMakeCCompilerId.c" succeeded.
Compiler: D:/Visual Studio/VC/Tools/MSVC/14.16.27023/bin/Hostx86/x86/cl.exe 
Build flags: 
Id flags:  

The output was:
0
Compilador de optimizaci¢n de C/C++ de Microsoft (R) versi¢n 19.16.27026.1 para x86
(C) Microsoft Corporation. Todos los derechos reservados.

CMakeCCompilerId.c
Microsoft (R) Incremental Linker Version 14.16.27026.1
Copyright (C) Microsoft Corporation.  All rights reserved.

/out:CMakeCCompilerId.exe 
CMakeCCompilerId.obj 


Compilation of the C compiler identification source "CMakeCCompilerId.c" produced "CMakeCCompilerId.exe"

Compilation of the C compiler identification source "CMakeCCompilerId.c" produced "CMakeCCompilerId.obj"

The C compiler identification is MSVC, found in "C:/Users/MrJua/Desktop/Practica 3/cmake-build-debug/CMakeFiles/3.13.2/CompilerIdC/CMakeCCompilerId.exe"

Determining if the C compiler works passed with the following output:
Change Dir: C:/Users/MrJua/Desktop/Practica 3/cmake-build-debug/CMakeFiles/CMakeTmp

Run Build Command:"nmake" "/nologo" "cmTC_8f13d\fast"
	"D:\Visual Studio\VC\Tools\MSVC\14.16.27023\bin\HostX86\x86\nmake.exe" -f CMakeFiles\cmTC_8f13d.dir\build.make /nologo -L                  CMakeFiles\cmTC_8f13d.dir\build
Building C object CMakeFiles/cmTC_8f13d.dir/testCCompiler.c.obj
	"D:\Visual Studio\VC\Tools\MSVC\14.16.27023\bin\Hostx86\x86\cl.exe" @C:\Users\MrJua\AppData\Local\Temp\nm88E5.tmp
testCCompiler.c
Linking C executable cmTC_8f13d.exe
	"C:\Program Files\JetBrains\CLion 2018.3.3\bin\cmake\win\bin\cmake.exe" -E vs_link_exe --intdir=CMakeFiles\cmTC_8f13d.dir --manifests  -- "D:\Visual Studio\VC\Tools\MSVC\14.16.27023\bin\Hostx86\x86\link.exe" /nologo @CMakeFiles\cmTC_8f13d.dir\objects1.rsp @C:\Users\MrJua\AppData\Local\Temp\nm8B28.tmp


Detecting C compiler ABI info compiled with the following output:
Change Dir: C:/Users/MrJua/Desktop/Practica 3/cmake-build-debug/CMakeFiles/CMakeTmp

Run Build Command:"nmake" "/nologo" "cmTC_30175\fast"
	"D:\Visual Studio\VC\Tools\MSVC\14.16.27023\bin\HostX86\x86\nmake.exe" -f CMakeFiles\cmTC_30175.dir\build.make /nologo -L                  CMakeFiles\cmTC_30175.dir\build
Building C object CMakeFiles/cmTC_30175.dir/CMakeCCompilerABI.c.obj
	"D:\Visual Studio\VC\Tools\MSVC\14.16.27023\bin\Hostx86\x86\cl.exe" @C:\Users\MrJua\AppData\Local\Temp\nm9038.tmp
CMakeCCompilerABI.c
Linking C executable cmTC_30175.exe
	"C:\Program Files\JetBrains\CLion 2018.3.3\bin\cmake\win\bin\cmake.exe" -E vs_link_exe --intdir=CMakeFiles\cmTC_30175.dir --manifests  -- "D:\Visual Studio\VC\Tools\MSVC\14.16.27023\bin\Hostx86\x86\link.exe" /nologo @CMakeFiles\cmTC_30175.dir\objects1.rsp @C:\Users\MrJua\AppData\Local\Temp\nm90F4.tmp




Detecting C [] compiler features compiled with the following output:
Change Dir: C:/Users/MrJua/Desktop/Practica 3/cmake-build-debug/CMakeFiles/CMakeTmp

Run Build Command:"nmake" "/nologo" "cmTC_f064e\fast"
	"D:\Visual Studio\VC\Tools\MSVC\14.16.27023\bin\HostX86\x86\nmake.exe" -f CMakeFiles\cmTC_f064e.dir\build.make /nologo -L                  CMakeFiles\cmTC_f064e.dir\build
Building C object CMakeFiles/cmTC_f064e.dir/feature_tests.c.obj
	"D:\Visual Studio\VC\Tools\MSVC\14.16.27023\bin\Hostx86\x86\cl.exe" @C:\Users\MrJua\AppData\Local\Temp\nm947E.tmp
feature_tests.c
Linking C executable cmTC_f064e.exe
	"C:\Program Files\JetBrains\CLion 2018.3.3\bin\cmake\win\bin\cmake.exe" -E vs_link_exe --intdir=CMakeFiles\cmTC_f064e.dir --manifests  -- "D:\Visual Studio\VC\Tools\MSVC\14.16.27023\bin\Hostx86\x86\link.exe" /nologo @CMakeFiles\cmTC_f064e.dir\objects1.rsp @C:\Users\MrJua\AppData\Local\Temp\nm94FC.tmp


    Feature record: C_FEATURE:1c_function_prototypes
    Feature record: C_FEATURE:1c_variadic_macros
